\BOOKMARK [0][-]{chapter.1}{\376\377\000I\000n\000t\000r\000o\000d\000u\000c\000t\000i\000o\000n}{}% 1
\BOOKMARK [0][-]{chapter.2}{\376\377\000H\000y\000p\000e\000r\000p\000l\000a\000n\000e\000\040\000a\000r\000r\000a\000n\000g\000e\000m\000e\000n\000t\000s}{}% 2
\BOOKMARK [1][-]{section.2.1}{\376\377\000C\000o\000n\000s\000t\000r\000u\000c\000t\000i\000o\000n\000\040\000o\000f\000\040\000a\000r\000r\000a\000n\000g\000e\000m\000e\000n\000t\000s\000\040\000o\000f\000\040\000h\000y\000p\000e\000r\000p\000l\000a\000n\000e\000s}{chapter.2}% 3
\BOOKMARK [1][-]{section.2.2}{\376\377\000A\000t\000t\000r\000i\000b\000u\000t\000e\000s\000\040\000o\000f\000\040\000a\000r\000r\000a\000n\000g\000e\000m\000e\000n\000t\000s}{chapter.2}% 4
\BOOKMARK [1][-]{section.2.3}{\376\377\000P\000r\000o\000p\000e\000r\000t\000i\000e\000s\000\040\000o\000f\000\040\000a\000r\000r\000a\000n\000g\000e\000m\000e\000n\000t\000s}{chapter.2}% 5
\BOOKMARK [1][-]{section.2.4}{\376\377\000A\000t\000t\000r\000i\000b\000u\000t\000e\000s\000\040\000o\000f\000\040\000g\000e\000o\000m\000e\000t\000r\000i\000c\000\040\000l\000a\000t\000t\000i\000c\000e\000s}{chapter.2}% 6
\BOOKMARK [1][-]{section.2.5}{\376\377\000P\000r\000o\000p\000e\000r\000t\000i\000e\000s\000\040\000o\000f\000\040\000g\000e\000o\000m\000e\000t\000r\000i\000c\000\040\000l\000a\000t\000t\000i\000c\000e\000s}{chapter.2}% 7
\BOOKMARK [1][-]{section.2.6}{\376\377\000O\000p\000e\000r\000a\000t\000i\000o\000n\000s}{chapter.2}% 8
\BOOKMARK [0][-]{chapter.3}{\376\377\000S\000p\000e\000c\000i\000a\000l\000\040\000a\000r\000r\000a\000n\000g\000e\000m\000e\000n\000t\000s}{}% 9
\BOOKMARK [1][-]{section.3.1}{\376\377\000G\000l\000o\000b\000a\000l\000\040\000m\000e\000t\000h\000o\000d\000s}{chapter.3}% 10
\BOOKMARK [0][-]{chapter.4}{\376\377\000O\000r\000i\000e\000n\000t\000e\000d\000\040\000M\000a\000t\000r\000o\000i\000d\000s}{}% 11
\BOOKMARK [1][-]{section.4.1}{\376\377\000C\000o\000n\000s\000t\000r\000u\000c\000t\000i\000o\000n\000\040\000o\000f\000\040\000o\000r\000i\000e\000n\000t\000e\000d\000\040\000m\000a\000t\000r\000o\000i\000d\000s}{chapter.4}% 12
\BOOKMARK [1][-]{section.4.2}{\376\377\000A\000t\000t\000r\000i\000b\000u\000t\000e\000s}{chapter.4}% 13
\BOOKMARK [1][-]{section.4.3}{\376\377\000P\000r\000o\000p\000e\000r\000t\000i\000e\000s}{chapter.4}% 14
\BOOKMARK [1][-]{section.4.4}{\376\377\000O\000p\000e\000r\000a\000t\000i\000o\000n\000s}{chapter.4}% 15
\BOOKMARK [1][-]{section.4.5}{\376\377\000G\000l\000o\000b\000a\000l\000\040\000m\000e\000t\000h\000o\000d\000s}{chapter.4}% 16
\BOOKMARK [0][-]{chapter.5}{\376\377\000F\000r\000e\000e\000\040\000a\000r\000r\000a\000n\000g\000e\000m\000e\000n\000t\000s}{}% 17
\BOOKMARK [1][-]{section.5.1}{\376\377\000M\000o\000d\000u\000l\000e\000\040\000o\000f\000\040\000l\000o\000g\000a\000r\000i\000t\000h\000m\000i\000c\000\040\000v\000e\000c\000t\000o\000r\000\040\000f\000i\000e\000l\000d\000s\000\040\000a\000k\000a\000\040\000d\000e\000r\000i\000v\000a\000t\000i\000o\000n\000\040\000m\000o\000d\000u\000l\000e\000s\000\040\000o\000f\000\040\000a\000r\000r\000a\000n\000g\000e\000m\000e\000n\000t\000s}{chapter.5}% 18
\BOOKMARK [1][-]{section.5.2}{\376\377\000F\000r\000e\000e\000n\000e\000s\000s\000\040\000p\000r\000o\000p\000e\000r\000t\000i\000e\000s}{chapter.5}% 19
\BOOKMARK [0][-]{chapter.6}{\376\377\000F\000u\000r\000t\000h\000e\000r\000\040\000p\000r\000o\000p\000e\000r\000t\000i\000e\000s\000\040\000o\000f\000\040\000a\000r\000r\000a\000n\000g\000e\000m\000e\000n\000t\000s\000,\000\040\000g\000e\000o\000m\000e\000t\000r\000i\000c\000\040\000l\000a\000t\000t\000i\000c\000e\000s\000,\000\040\000a\000n\000d\000\040\000o\000r\000i\000e\000n\000t\000e\000d\000\040\000m\000a\000t\000r\000o\000i\000d\000s}{}% 20
\BOOKMARK [1][-]{section.6.1}{\376\377\000S\000u\000p\000e\000r\000s\000o\000l\000v\000a\000b\000l\000e\000\040\000a\000r\000r\000a\000n\000g\000e\000m\000e\000n\000t\000s}{chapter.6}% 21
\BOOKMARK [1][-]{section.6.2}{\376\377\000F\000o\000r\000m\000a\000l\000\040\000a\000r\000r\000a\000n\000g\000e\000m\000e\000n\000t\000s}{chapter.6}% 22
\BOOKMARK [1][-]{section.6.3}{\376\377\000S\000i\000m\000p\000l\000i\000c\000i\000a\000l\000\040\000a\000r\000r\000a\000n\000g\000e\000m\000e\000n\000t\000s}{chapter.6}% 23
\BOOKMARK [1][-]{section.6.4}{\376\377\000F\000a\000l\000k\000'\000s\000\040\000w\000e\000i\000g\000h\000t\000\040\000t\000e\000s\000t}{chapter.6}% 24
\BOOKMARK [1][-]{section.6.5}{\376\377\000F\000a\000c\000t\000o\000r\000e\000d\000\040\000a\000r\000r\000a\000n\000g\000e\000m\000e\000n\000t\000s}{chapter.6}% 25
\BOOKMARK [0][-]{chapter.7}{\376\377\000M\000i\000l\000n\000o\000r\000\040\000f\000i\000b\000e\000r\000s}{}% 26
\BOOKMARK [1][-]{section.7.1}{\376\377\000C\000o\000m\000p\000l\000e\000x\000e\000s}{chapter.7}% 27
\BOOKMARK [0][-]{chapter.8}{\376\377\000T\000o\000p\000e\000\040\000p\000o\000s\000e\000t\000s}{}% 28
\BOOKMARK [1][-]{section.8.1}{\376\377\000O\000p\000e\000r\000a\000t\000i\000o\000n\000s}{chapter.8}% 29
\BOOKMARK [1][-]{section.8.2}{\376\377\000A\000t\000t\000r\000i\000b\000u\000t\000e\000s}{chapter.8}% 30
\BOOKMARK [0][-]{chapter.9}{\376\377\000V\000i\000s\000u\000a\000l\000i\000z\000a\000t\000i\000o\000n\000\040\000o\000f\000\040\000r\000e\000a\000l\000\040\0003\0004\0005\000a\000r\000r\000a\000n\000g\000e\000m\000e\000n\000t\000s}{}% 31
\BOOKMARK [1][-]{section.9.1}{\376\377\000G\000l\000o\000b\000a\000l\000\040\000m\000e\000t\000h\000o\000d\000s}{chapter.9}% 32
\BOOKMARK [0][-]{chapter.10}{\376\377\000R\000e\000a\000l\000i\000z\000a\000t\000i\000o\000n\000\040\000s\000p\000a\000c\000e\000s\000\040\000o\000f\000\040\000g\000e\000o\000m\000e\000t\000r\000i\000c\000\040\000l\000a\000t\000t\000i\000c\000e\000s}{}% 33
\BOOKMARK [1][-]{section.10.1}{\376\377\000C\000o\000n\000s\000t\000r\000u\000c\000t\000i\000o\000n}{chapter.10}% 34
\BOOKMARK [1][-]{section.10.2}{\376\377\000A\000t\000t\000r\000i\000b\000u\000t\000e\000s}{chapter.10}% 35
\BOOKMARK [1][-]{section.10.3}{\376\377\000P\000r\000o\000p\000e\000r\000t\000i\000e\000s}{chapter.10}% 36
\BOOKMARK [1][-]{section.10.4}{\376\377\000F\000u\000r\000t\000h\000e\000r\000\040\000\050\000a\000u\000x\000i\000l\000l\000a\000r\000y\000\051\000\040\000O\000p\000e\000r\000a\000t\000i\000o\000n\000s}{chapter.10}% 37
\BOOKMARK [0][-]{chapter.11}{\376\377\000G\000r\000e\000e\000d\000y\000\040\000s\000e\000a\000r\000c\000h\000\040\000f\000o\000r\000\040\000s\000p\000e\000c\000i\000a\000l\000\040\000a\000r\000r\000a\000n\000g\000e\000m\000e\000n\000t\000s}{}% 38
\BOOKMARK [1][-]{section.11.1}{\376\377\000A\000t\000t\000r\000i\000b\000u\000t\000e\000s}{chapter.11}% 39
\BOOKMARK [1][-]{section.11.2}{\376\377\000C\000o\000n\000s\000t\000r\000u\000c\000t\000i\000o\000n\000s}{chapter.11}% 40
\BOOKMARK [0][-]{chapter*.2}{\376\377\000R\000e\000f\000e\000r\000e\000n\000c\000e\000s}{}% 41
\BOOKMARK [0][-]{section*.3}{\376\377\000I\000n\000d\000e\000x}{}% 42
